<?xml version="1.0" encoding="UTF-8"?>
<!-- Generated by org.testng.reporters.JUnitReportReporter -->
<testsuite skipped="0" hostname="BLRL42468" name="com.src.basics.TestNGOthers" tests="10" failures="0" timestamp="16 Dec 2018 04:58:10 GMT" time="0.033" errors="0">
  <testcase name="testA" time="0.001" classname="com.src.basics.TestNGOthers"/>
  <testcase name="testA" time="0.002" classname="com.src.basics.TestNGOthers"/>
  <testcase name="testA" time="0.003" classname="com.src.basics.TestNGOthers"/>
  <testcase name="testA" time="0.002" classname="com.src.basics.TestNGOthers"/>
  <testcase name="testA" time="0.002" classname="com.src.basics.TestNGOthers"/>
  <testcase name="testA" time="0.002" classname="com.src.basics.TestNGOthers"/>
  <testcase name="testA" time="0.001" classname="com.src.basics.TestNGOthers"/>
  <testcase name="testA" time="0.002" classname="com.src.basics.TestNGOthers"/>
  <testcase name="testA" time="0.002" classname="com.src.basics.TestNGOthers"/>
  <testcase name="testA" time="0.016" classname="com.src.basics.TestNGOthers"/>
</testsuite> <!-- com.src.basics.TestNGOthers -->
