<?xml version="1.0" encoding="UTF-8"?>
<!-- Generated by org.testng.reporters.JUnitReportReporter -->
<testsuite skipped="0" hostname="BLRL42468" name="com.src.basics.TestNGDataParameter" tests="2" failures="0" timestamp="11 Dec 2018 12:35:22 GMT" time="0.000" errors="0">
  <testcase name="login" time="0.000" classname="com.src.basics.TestNGDataParameter"/>
  <testcase name="login" time="0.000" classname="com.src.basics.TestNGDataParameter"/>
</testsuite> <!-- com.src.basics.TestNGDataParameter -->
