<?xml version="1.0" encoding="UTF-8"?>
<!-- Generated by org.testng.reporters.JUnitReportReporter -->
<testsuite skipped="0" hostname="BLRL42468" name="com.src.basics.TestNGDataParameter" tests="3" failures="0" timestamp="16 Dec 2018 04:12:39 GMT" time="0.011" errors="0">
  <testcase name="login" time="0.002" classname="com.src.basics.TestNGDataParameter"/>
  <testcase name="getParameter" time="0.008" classname="com.src.basics.TestNGDataParameter"/>
  <testcase name="login" time="0.001" classname="com.src.basics.TestNGDataParameter"/>
</testsuite> <!-- com.src.basics.TestNGDataParameter -->
